VirtualBox VM 5.0.10 r104061 darwin.amd64 (Nov 10 2015 18:29:44) release log
00:00:00.040393 Log opened 2017-01-16T16:05:32.425056000Z
00:00:00.040394 Build Type: release
00:00:00.040409 OS Product: Darwin
00:00:00.040415 OS Release: 16.3.0
00:00:00.040420 OS Version: Darwin Kernel Version 16.3.0: Thu Nov 17 20:23:58 PST 2016; root:xnu-3789.31.2~1/RELEASE_X86_64
00:00:00.040521 DMI Product Name: MacBookPro11,2
00:00:00.040572 DMI Product Version: 1.0
00:00:00.040582 Host RAM: 8192MB total, 1855MB available
00:00:00.040584 Executable: /Applications/VirtualBox.app/Contents/MacOS/VBoxHeadless
00:00:00.040585 Process ID: 8350
00:00:00.040585 Package type: DARWIN_64BITS_GENERIC
00:00:00.042606 Installed Extension Packs:
00:00:00.042614   None installed!
00:00:00.043591 Console: Machine state changed to 'Starting'
00:00:00.064302 SUP: Loaded VMMR0.r0 (/Applications/VirtualBox.app/Contents/MacOS/VMMR0.r0) at 0xffffff913b8e5020 - ModuleInit at ffffff913b906470 and ModuleTerm at ffffff913b906440
00:00:00.064320 SUP: VMMR0EntryEx located at ffffff913b906370 and VMMR0EntryFast at ffffff913b906af0
00:00:00.069340 Guest OS type: 'Linux26_64'
00:00:00.075918 fHMForced=true - No raw-mode support in this build!
00:00:00.085825 File system of '/Users/johnzaccone/.docker/machine/machines/jenkins-slave/boot2docker.iso' (DVD) is hfs
00:00:00.088873 File system of '/Users/johnzaccone/.docker/machine/machines/jenkins-slave/jenkins-slave/Snapshots' (snapshots) is unknown
00:00:00.088881 File system of '/Users/johnzaccone/.docker/machine/machines/jenkins-slave/disk.vmdk' is hfs
00:00:00.152558 Shared clipboard service loaded
00:00:00.152605 Shared clipboard mode: Off
00:00:00.154834 Drag and drop service loaded
00:00:00.154844 Drag and drop mode: Off
00:00:00.160547 Guest Control service loaded
00:00:00.162850 Per-VM extradata API settings:
00:00:00.162866   VBoxInternal2/SharedFoldersEnableSymlinksCreate/Users="1"
00:00:00.163209 ************************* CFGM dump *************************
00:00:00.163213 [/] (level 0)
00:00:00.163227   CpuExecutionCap   <integer> = 0x0000000000000064 (100)
00:00:00.163229   EnablePAE         <integer> = 0x0000000000000001 (1)
00:00:00.163230   HMEnabled         <integer> = 0x0000000000000001 (1)
00:00:00.163231   MemBalloonSize    <integer> = 0x0000000000000000 (0)
00:00:00.163232   Name              <string>  = "jenkins-slave" (cb=14)
00:00:00.163233   NumCPUs           <integer> = 0x0000000000000001 (1)
00:00:00.163234   PageFusionAllowed <integer> = 0x0000000000000000 (0)
00:00:00.163234   RamHoleSize       <integer> = 0x0000000020000000 (536 870 912, 512 MB)
00:00:00.163236   RamSize           <integer> = 0x0000000040000000 (1 073 741 824, 1 024 MB)
00:00:00.163238   TimerMillies      <integer> = 0x000000000000000a (10)
00:00:00.163239   UUID              <bytes>   = "2c d3 1b 86 08 e3 4b 4c bf 0a 00 29 1a e7 38 6e" (cb=16)
00:00:00.163243 
00:00:00.163244 [/CPUM/] (level 1)
00:00:00.163245   PortableCpuIdLevel <integer> = 0x0000000000000000 (0)
00:00:00.163246 
00:00:00.163246 [/DBGF/] (level 1)
00:00:00.163247   Path <string>  = "/Users/johnzaccone/.docker/machine/machines/jenkins-slave/jenkins-slave/debug/;/Users/johnzaccone/.docker/machine/machines/jenkins-slave/jenkins-slave/;/Users/johnzaccone/" (cb=172)
00:00:00.163248 
00:00:00.163248 [/Devices/] (level 1)
00:00:00.163249 
00:00:00.163249 [/Devices/8237A/] (level 2)
00:00:00.163250 
00:00:00.163250 [/Devices/8237A/0/] (level 3)
00:00:00.163251   Trusted <integer> = 0x0000000000000001 (1)
00:00:00.163252 
00:00:00.163253 [/Devices/GIMDev/] (level 2)
00:00:00.163253 
00:00:00.163254 [/Devices/GIMDev/0/] (level 3)
00:00:00.163255   Trusted <integer> = 0x0000000000000001 (1)
00:00:00.163255 
00:00:00.163256 [/Devices/VMMDev/] (level 2)
00:00:00.163257 
00:00:00.163257 [/Devices/VMMDev/0/] (level 3)
00:00:00.163258   PCIBusNo      <integer> = 0x0000000000000000 (0)
00:00:00.163259   PCIDeviceNo   <integer> = 0x0000000000000004 (4)
00:00:00.163260   PCIFunctionNo <integer> = 0x0000000000000000 (0)
00:00:00.163261   Trusted       <integer> = 0x0000000000000001 (1)
00:00:00.163262 
00:00:00.163262 [/Devices/VMMDev/0/Config/] (level 4)
00:00:00.163263   GuestCoreDumpDir <string>  = "/Users/johnzaccone/.docker/machine/machines/jenkins-slave/jenkins-slave/Snapshots" (cb=82)
00:00:00.163264   RamSize          <integer> = 0x0000000040000000 (1 073 741 824, 1 024 MB)
00:00:00.163265 
00:00:00.163266 [/Devices/VMMDev/0/LUN#0/] (level 4)
00:00:00.163267   Driver <string>  = "HGCM" (cb=5)
00:00:00.163268 
00:00:00.163268 [/Devices/VMMDev/0/LUN#0/Config/] (level 5)
00:00:00.163269   Object <integer> = 0x00007fe763d18100 (140 631 788 847 360)
00:00:00.163271 
00:00:00.163271 [/Devices/VMMDev/0/LUN#999/] (level 4)
00:00:00.163272   Driver <string>  = "MainStatus" (cb=11)
00:00:00.163273 
00:00:00.163273 [/Devices/VMMDev/0/LUN#999/Config/] (level 5)
00:00:00.163275   First   <integer> = 0x0000000000000000 (0)
00:00:00.163275   Last    <integer> = 0x0000000000000000 (0)
00:00:00.163276   papLeds <integer> = 0x00007fe765003a58 (140 631 808 686 680)
00:00:00.163277 
00:00:00.163278 [/Devices/acpi/] (level 2)
00:00:00.163279 
00:00:00.163279 [/Devices/acpi/0/] (level 3)
00:00:00.163280   PCIBusNo      <integer> = 0x0000000000000000 (0)
00:00:00.163281   PCIDeviceNo   <integer> = 0x0000000000000007 (7)
00:00:00.163281   PCIFunctionNo <integer> = 0x0000000000000000 (0)
00:00:00.163282   Trusted       <integer> = 0x0000000000000001 (1)
00:00:00.163283 
00:00:00.163283 [/Devices/acpi/0/Config/] (level 4)
00:00:00.163284   CpuHotPlug          <integer> = 0x0000000000000000 (0)
00:00:00.163285   FdcEnabled          <integer> = 0x0000000000000000 (0)
00:00:00.163286   HostBusPciAddress   <integer> = 0x0000000000000000 (0)
00:00:00.163287   HpetEnabled         <integer> = 0x0000000000000001 (1)
00:00:00.163287   IOAPIC              <integer> = 0x0000000000000001 (1)
00:00:00.163288   IocPciAddress       <integer> = 0x0000000000010000 (65 536)
00:00:00.163289   NumCPUs             <integer> = 0x0000000000000001 (1)
00:00:00.163290   Parallel0IoPortBase <integer> = 0x0000000000000000 (0)
00:00:00.163291   Parallel0Irq        <integer> = 0x0000000000000000 (0)
00:00:00.163291   Parallel1IoPortBase <integer> = 0x0000000000000000 (0)
00:00:00.163292   Parallel1Irq        <integer> = 0x0000000000000000 (0)
00:00:00.163293   RamHoleSize         <integer> = 0x0000000020000000 (536 870 912, 512 MB)
00:00:00.163294   RamSize             <integer> = 0x0000000040000000 (1 073 741 824, 1 024 MB)
00:00:00.163296   Serial0IoPortBase   <integer> = 0x0000000000000000 (0)
00:00:00.163296   Serial0Irq          <integer> = 0x0000000000000000 (0)
00:00:00.163297   Serial1IoPortBase   <integer> = 0x0000000000000000 (0)
00:00:00.163298   Serial1Irq          <integer> = 0x0000000000000000 (0)
00:00:00.163298   ShowCpu             <integer> = 0x0000000000000001 (1)
00:00:00.163299   ShowRtc             <integer> = 0x0000000000000000 (0)
00:00:00.163300   SmcEnabled          <integer> = 0x0000000000000000 (0)
00:00:00.163301 
00:00:00.163301 [/Devices/acpi/0/LUN#0/] (level 4)
00:00:00.163302   Driver <string>  = "ACPIHost" (cb=9)
00:00:00.163303 
00:00:00.163303 [/Devices/acpi/0/LUN#0/Config/] (level 5)
00:00:00.163304 
00:00:00.163305 [/Devices/ahci/] (level 2)
00:00:00.163305 
00:00:00.163306 [/Devices/ahci/0/] (level 3)
00:00:00.163307   PCIBusNo      <integer> = 0x0000000000000000 (0)
00:00:00.163308   PCIDeviceNo   <integer> = 0x000000000000000d (13)
00:00:00.163308   PCIFunctionNo <integer> = 0x0000000000000000 (0)
00:00:00.163309   Trusted       <integer> = 0x0000000000000001 (1)
00:00:00.163310 
00:00:00.163310 [/Devices/ahci/0/Config/] (level 4)
00:00:00.163311   Bootable  <integer> = 0x0000000000000001 (1)
00:00:00.163312   PortCount <integer> = 0x000000000000001e (30)
00:00:00.163313 
00:00:00.163313 [/Devices/ahci/0/Config/Port0/] (level 5)
00:00:00.163314   Hotpluggable        <integer> = 0x0000000000000000 (0)
00:00:00.163315   NonRotationalMedium <integer> = 0x0000000000000000 (0)
00:00:00.163316 
00:00:00.163316 [/Devices/ahci/0/Config/Port1/] (level 5)
00:00:00.163318   Hotpluggable        <integer> = 0x0000000000000000 (0)
00:00:00.163318   NonRotationalMedium <integer> = 0x0000000000000000 (0)
00:00:00.163319 
00:00:00.163320 [/Devices/ahci/0/LUN#0/] (level 4)
00:00:00.163321   Driver <string>  = "Block" (cb=6)
00:00:00.163321 
00:00:00.163322 [/Devices/ahci/0/LUN#0/AttachedDriver/] (level 5)
00:00:00.163323   Driver <string>  = "VD" (cb=3)
00:00:00.163324 
00:00:00.163324 [/Devices/ahci/0/LUN#0/AttachedDriver/Config/] (level 6)
00:00:00.163325   Format   <string>  = "RAW" (cb=4)
00:00:00.163326   Path     <string>  = "/Users/johnzaccone/.docker/machine/machines/jenkins-slave/boot2docker.iso" (cb=74)
00:00:00.163327   ReadOnly <integer> = 0x0000000000000001 (1)
00:00:00.163328   Type     <string>  = "DVD" (cb=4)
00:00:00.163328 
00:00:00.163329 [/Devices/ahci/0/LUN#0/Config/] (level 5)
00:00:00.163330   Mountable <integer> = 0x0000000000000001 (1)
00:00:00.163330   Type      <string>  = "DVD" (cb=4)
00:00:00.163331 
00:00:00.163331 [/Devices/ahci/0/LUN#1/] (level 4)
00:00:00.163333   Driver <string>  = "Block" (cb=6)
00:00:00.163333 
00:00:00.163334 [/Devices/ahci/0/LUN#1/AttachedDriver/] (level 5)
00:00:00.163335   Driver <string>  = "VD" (cb=3)
00:00:00.163335 
00:00:00.163336 [/Devices/ahci/0/LUN#1/AttachedDriver/Config/] (level 6)
00:00:00.163337   Format <string>  = "VMDK" (cb=5)
00:00:00.163337   Path   <string>  = "/Users/johnzaccone/.docker/machine/machines/jenkins-slave/disk.vmdk" (cb=68)
00:00:00.163338   Type   <string>  = "HardDisk" (cb=9)
00:00:00.163339 
00:00:00.163339 [/Devices/ahci/0/LUN#1/Config/] (level 5)
00:00:00.163340   Mountable <integer> = 0x0000000000000000 (0)
00:00:00.163341   Type      <string>  = "HardDisk" (cb=9)
00:00:00.163341 
00:00:00.163342 [/Devices/ahci/0/LUN#999/] (level 4)
00:00:00.163343   Driver <string>  = "MainStatus" (cb=11)
00:00:00.163343 
00:00:00.163344 [/Devices/ahci/0/LUN#999/Config/] (level 5)
00:00:00.163345   DeviceInstance        <string>  = "ahci/0" (cb=7)
00:00:00.163346   First                 <integer> = 0x0000000000000000 (0)
00:00:00.163347   Last                  <integer> = 0x000000000000001d (29)
00:00:00.163348   pConsole              <integer> = 0x00007fe765003400 (140 631 808 685 056)
00:00:00.163349   papLeds               <integer> = 0x00007fe765003748 (140 631 808 685 896)
00:00:00.163350   pmapMediumAttachments <integer> = 0x00007fe765003a78 (140 631 808 686 712)
00:00:00.163352 
00:00:00.163352 [/Devices/apic/] (level 2)
00:00:00.163353 
00:00:00.163353 [/Devices/apic/0/] (level 3)
00:00:00.163354   Trusted <integer> = 0x0000000000000001 (1)
00:00:00.163355 
00:00:00.163355 [/Devices/apic/0/Config/] (level 4)
00:00:00.163356   IOAPIC  <integer> = 0x0000000000000001 (1)
00:00:00.163357   NumCPUs <integer> = 0x0000000000000001 (1)
00:00:00.163358 
00:00:00.163358 [/Devices/e1000/] (level 2)
00:00:00.163359 
00:00:00.163359 [/Devices/e1000/0/] (level 3)
00:00:00.163360   PCIBusNo      <integer> = 0x0000000000000000 (0)
00:00:00.163361   PCIDeviceNo   <integer> = 0x0000000000000003 (3)
00:00:00.163362   PCIFunctionNo <integer> = 0x0000000000000000 (0)
00:00:00.163362   Trusted       <integer> = 0x0000000000000001 (1)
00:00:00.163363 
00:00:00.163363 [/Devices/e1000/0/Config/] (level 4)
00:00:00.163365   AdapterType    <integer> = 0x0000000000000000 (0)
00:00:00.163365   CableConnected <integer> = 0x0000000000000001 (1)
00:00:00.163366   LineSpeed      <integer> = 0x0000000000000000 (0)
00:00:00.163367   MAC            <bytes>   = "08 00 27 31 92 3d" (cb=6)
00:00:00.163368 
00:00:00.163369 [/Devices/e1000/0/LUN#0/] (level 4)
00:00:00.163370   Driver <string>  = "NAT" (cb=4)
00:00:00.163370 
00:00:00.163371 [/Devices/e1000/0/LUN#0/Config/] (level 5)
00:00:00.163372   AliasMode       <integer> = 0x0000000000000000 (0)
00:00:00.163373   BootFile        <string>  = "jenkins-slave.pxe" (cb=18)
00:00:00.163374   DNSProxy        <integer> = 0x0000000000000001 (1)
00:00:00.163375   Network         <string>  = "10.0.2.0/24" (cb=12)
00:00:00.163376   PassDomain      <integer> = 0x0000000000000001 (1)
00:00:00.163377   TFTPPrefix      <string>  = "/Users/johnzaccone/Library/VirtualBox/TFTP" (cb=43)
00:00:00.163377   UseHostResolver <integer> = 0x0000000000000000 (0)
00:00:00.163378 
00:00:00.163378 [/Devices/e1000/0/LUN#0/Config/ssh/] (level 6)
00:00:00.163380   BindIP    <string>  = "127.0.0.1" (cb=10)
00:00:00.163380   GuestPort <integer> = 0x0000000000000016 (22)
00:00:00.163381   HostPort  <integer> = 0x000000000000e5b0 (58 800)
00:00:00.163382   Protocol  <string>  = "TCP" (cb=4)
00:00:00.163383 
00:00:00.163383 [/Devices/e1000/0/LUN#999/] (level 4)
00:00:00.163384   Driver <string>  = "MainStatus" (cb=11)
00:00:00.163385 
00:00:00.163385 [/Devices/e1000/0/LUN#999/Config/] (level 5)
00:00:00.163386   First   <integer> = 0x0000000000000000 (0)
00:00:00.163387   Last    <integer> = 0x0000000000000000 (0)
00:00:00.163387   papLeds <integer> = 0x00007fe765003938 (140 631 808 686 392)
00:00:00.163389 
00:00:00.163389 [/Devices/e1000/1/] (level 3)
00:00:00.163390   PCIBusNo      <integer> = 0x0000000000000000 (0)
00:00:00.163391   PCIDeviceNo   <integer> = 0x0000000000000008 (8)
00:00:00.163391   PCIFunctionNo <integer> = 0x0000000000000000 (0)
00:00:00.163392   Trusted       <integer> = 0x0000000000000001 (1)
00:00:00.163393 
00:00:00.163393 [/Devices/e1000/1/Config/] (level 4)
00:00:00.163394   AdapterType    <integer> = 0x0000000000000000 (0)
00:00:00.163395   CableConnected <integer> = 0x0000000000000001 (1)
00:00:00.163395   LineSpeed      <integer> = 0x0000000000000000 (0)
00:00:00.163396   MAC            <bytes>   = "08 00 27 08 ee e4" (cb=6)
00:00:00.163397 
00:00:00.163398 [/Devices/e1000/1/LUN#0/] (level 4)
00:00:00.163399   Driver <string>  = "IntNet" (cb=7)
00:00:00.163399 
00:00:00.163400 [/Devices/e1000/1/LUN#0/Config/] (level 5)
00:00:00.163401   IfPolicyPromisc <string>  = "deny" (cb=5)
00:00:00.163401   Network         <string>  = "HostInterfaceNetworking-vboxnet1" (cb=33)
00:00:00.163402   Trunk           <string>  = "vboxnet1" (cb=9)
00:00:00.163403   TrunkType       <integer> = 0x0000000000000004 (4)
00:00:00.163404 
00:00:00.163404 [/Devices/e1000/1/LUN#999/] (level 4)
00:00:00.163405   Driver <string>  = "MainStatus" (cb=11)
00:00:00.163406 
00:00:00.163406 [/Devices/e1000/1/LUN#999/Config/] (level 5)
00:00:00.163407   First   <integer> = 0x0000000000000000 (0)
00:00:00.163408   Last    <integer> = 0x0000000000000000 (0)
00:00:00.163409   papLeds <integer> = 0x00007fe765003940 (140 631 808 686 400)
00:00:00.163410 
00:00:00.163410 [/Devices/hpet/] (level 2)
00:00:00.163411 
00:00:00.163411 [/Devices/hpet/0/] (level 3)
00:00:00.163412   Trusted <integer> = 0x0000000000000001 (1)
00:00:00.163413 
00:00:00.163413 [/Devices/hpet/0/Config/] (level 4)
00:00:00.163415   ICH9 <integer> = 0x0000000000000000 (0)
00:00:00.163415 
00:00:00.163416 [/Devices/i8254/] (level 2)
00:00:00.163416 
00:00:00.163417 [/Devices/i8254/0/] (level 3)
00:00:00.163418 
00:00:00.163418 [/Devices/i8254/0/Config/] (level 4)
00:00:00.163419 
00:00:00.163419 [/Devices/i8259/] (level 2)
00:00:00.163420 
00:00:00.163421 [/Devices/i8259/0/] (level 3)
00:00:00.163422   Trusted <integer> = 0x0000000000000001 (1)
00:00:00.163422 
00:00:00.163423 [/Devices/i8259/0/Config/] (level 4)
00:00:00.163424 
00:00:00.163424 [/Devices/ioapic/] (level 2)
00:00:00.163425 
00:00:00.163425 [/Devices/ioapic/0/] (level 3)
00:00:00.163426   Trusted <integer> = 0x0000000000000001 (1)
00:00:00.163427 
00:00:00.163427 [/Devices/ioapic/0/Config/] (level 4)
00:00:00.163428   NumCPUs <integer> = 0x0000000000000001 (1)
00:00:00.163429 
00:00:00.163429 [/Devices/mc146818/] (level 2)
00:00:00.163430 
00:00:00.163430 [/Devices/mc146818/0/] (level 3)
00:00:00.163431 
00:00:00.163431 [/Devices/mc146818/0/Config/] (level 4)
00:00:00.163433   UseUTC <integer> = 0x0000000000000001 (1)
00:00:00.163433 
00:00:00.163434 [/Devices/parallel/] (level 2)
00:00:00.163434 
00:00:00.163435 [/Devices/pcarch/] (level 2)
00:00:00.163436 
00:00:00.163436 [/Devices/pcarch/0/] (level 3)
00:00:00.163437   Trusted <integer> = 0x0000000000000001 (1)
00:00:00.163438 
00:00:00.163438 [/Devices/pcarch/0/Config/] (level 4)
00:00:00.163439 
00:00:00.163439 [/Devices/pcbios/] (level 2)
00:00:00.163440 
00:00:00.163441 [/Devices/pcbios/0/] (level 3)
00:00:00.163441   Trusted <integer> = 0x0000000000000001 (1)
00:00:00.163442 
00:00:00.163442 [/Devices/pcbios/0/Config/] (level 4)
00:00:00.163444   BootDevice0        <string>  = "DVD" (cb=4)
00:00:00.163445   BootDevice1        <string>  = "DVD" (cb=4)
00:00:00.163445   BootDevice2        <string>  = "IDE" (cb=4)
00:00:00.163446   BootDevice3        <string>  = "NONE" (cb=5)
00:00:00.163447   FloppyDevice       <string>  = "i82078" (cb=7)
00:00:00.163447   HardDiskDevice     <string>  = "piix3ide" (cb=9)
00:00:00.163448   IOAPIC             <integer> = 0x0000000000000001 (1)
00:00:00.163449   McfgBase           <integer> = 0x0000000000000000 (0)
00:00:00.163450   McfgLength         <integer> = 0x0000000000000000 (0)
00:00:00.163450   NumCPUs            <integer> = 0x0000000000000001 (1)
00:00:00.163451   PXEDebug           <integer> = 0x0000000000000000 (0)
00:00:00.163452   RamHoleSize        <integer> = 0x0000000020000000 (536 870 912, 512 MB)
00:00:00.163453   RamSize            <integer> = 0x0000000040000000 (1 073 741 824, 1 024 MB)
00:00:00.163455   SataHardDiskDevice <string>  = "ahci" (cb=5)
00:00:00.163455   SataLUN1           <integer> = 0x0000000000000001 (1)
00:00:00.163456   UUID               <bytes>   = "2c d3 1b 86 08 e3 4b 4c bf 0a 00 29 1a e7 38 6e" (cb=16)
00:00:00.163458 
00:00:00.163459 [/Devices/pcbios/0/Config/NetBoot/] (level 5)
00:00:00.163460 
00:00:00.163460 [/Devices/pcbios/0/Config/NetBoot/0/] (level 6)
00:00:00.163462   NIC           <integer> = 0x0000000000000000 (0)
00:00:00.163462   PCIBusNo      <integer> = 0x0000000000000000 (0)
00:00:00.163463   PCIDeviceNo   <integer> = 0x0000000000000003 (3)
00:00:00.163464   PCIFunctionNo <integer> = 0x0000000000000000 (0)
00:00:00.163464 
00:00:00.163465 [/Devices/pci/] (level 2)
00:00:00.163466 
00:00:00.163466 [/Devices/pci/0/] (level 3)
00:00:00.163467   Trusted <integer> = 0x0000000000000001 (1)
00:00:00.163468 
00:00:00.163468 [/Devices/pci/0/Config/] (level 4)
00:00:00.163469   IOAPIC <integer> = 0x0000000000000001 (1)
00:00:00.163470 
00:00:00.163470 [/Devices/pckbd/] (level 2)
00:00:00.163471 
00:00:00.163471 [/Devices/pckbd/0/] (level 3)
00:00:00.163472   Trusted <integer> = 0x0000000000000001 (1)
00:00:00.163473 
00:00:00.163473 [/Devices/pckbd/0/Config/] (level 4)
00:00:00.163474 
00:00:00.163474 [/Devices/pckbd/0/LUN#0/] (level 4)
00:00:00.163475   Driver <string>  = "KeyboardQueue" (cb=14)
00:00:00.163476 
00:00:00.163476 [/Devices/pckbd/0/LUN#0/AttachedDriver/] (level 5)
00:00:00.163478   Driver <string>  = "MainKeyboard" (cb=13)
00:00:00.163478 
00:00:00.163478 [/Devices/pckbd/0/LUN#0/AttachedDriver/Config/] (level 6)
00:00:00.163480   Object <integer> = 0x00007fe765801570 (140 631 817 065 840)
00:00:00.163481 
00:00:00.163481 [/Devices/pckbd/0/LUN#0/Config/] (level 5)
00:00:00.163482   QueueSize <integer> = 0x0000000000000040 (64)
00:00:00.163483 
00:00:00.163483 [/Devices/pckbd/0/LUN#1/] (level 4)
00:00:00.163485   Driver <string>  = "MouseQueue" (cb=11)
00:00:00.163485 
00:00:00.163486 [/Devices/pckbd/0/LUN#1/AttachedDriver/] (level 5)
00:00:00.163487   Driver <string>  = "MainMouse" (cb=10)
00:00:00.163487 
00:00:00.163488 [/Devices/pckbd/0/LUN#1/AttachedDriver/Config/] (level 6)
00:00:00.163489   Object <integer> = 0x00007fe765801b80 (140 631 817 067 392)
00:00:00.163490 
00:00:00.163490 [/Devices/pckbd/0/LUN#1/Config/] (level 5)
00:00:00.163492   QueueSize <integer> = 0x0000000000000080 (128)
00:00:00.163492 
00:00:00.163493 [/Devices/pcnet/] (level 2)
00:00:00.163493 
00:00:00.163494 [/Devices/serial/] (level 2)
00:00:00.163495 
00:00:00.163495 [/Devices/vga/] (level 2)
00:00:00.163496 
00:00:00.163496 [/Devices/vga/0/] (level 3)
00:00:00.163497   PCIBusNo      <integer> = 0x0000000000000000 (0)
00:00:00.163498   PCIDeviceNo   <integer> = 0x0000000000000002 (2)
00:00:00.163499   PCIFunctionNo <integer> = 0x0000000000000000 (0)
00:00:00.163499   Trusted       <integer> = 0x0000000000000001 (1)
00:00:00.163500 
00:00:00.163500 [/Devices/vga/0/Config/] (level 4)
00:00:00.163502   CustomVideoModes <integer> = 0x0000000000000000 (0)
00:00:00.163502   FadeIn           <integer> = 0x0000000000000000 (0)
00:00:00.163503   FadeOut          <integer> = 0x0000000000000000 (0)
00:00:00.163504   HeightReduction  <integer> = 0x0000000000000000 (0)
00:00:00.163505   LogoFile         <string>  = "" (cb=1)
00:00:00.163505   LogoTime         <integer> = 0x0000000000000000 (0)
00:00:00.163506   MonitorCount     <integer> = 0x0000000000000001 (1)
00:00:00.163507   ShowBootMenu     <integer> = 0x0000000000000000 (0)
00:00:00.163507   VRamSize         <integer> = 0x0000000000800000 (8 388 608, 8 MB)
00:00:00.163509 
00:00:00.163509 [/Devices/vga/0/LUN#0/] (level 4)
00:00:00.163510   Driver <string>  = "MainDisplay" (cb=12)
00:00:00.163511 
00:00:00.163511 [/Devices/vga/0/LUN#0/Config/] (level 5)
00:00:00.163512   Object <integer> = 0x00007fe766801a00 (140 631 833 844 224)
00:00:00.163514 
00:00:00.163514 [/Devices/vga/0/LUN#999/] (level 4)
00:00:00.163515   Driver <string>  = "MainStatus" (cb=11)
00:00:00.163516 
00:00:00.163516 [/Devices/vga/0/LUN#999/Config/] (level 5)
00:00:00.163517   First   <integer> = 0x0000000000000000 (0)
00:00:00.163518   Last    <integer> = 0x0000000000000000 (0)
00:00:00.163518   papLeds <integer> = 0x00007fe765003a70 (140 631 808 686 704)
00:00:00.163520 
00:00:00.163520 [/Devices/virtio-net/] (level 2)
00:00:00.163521 
00:00:00.163521 [/EM/] (level 1)
00:00:00.163522   TripleFaultReset <integer> = 0x0000000000000000 (0)
00:00:00.163523 
00:00:00.163523 [/GIM/] (level 1)
00:00:00.163524   Provider <string>  = "KVM" (cb=4)
00:00:00.163524 
00:00:00.163525 [/HM/] (level 1)
00:00:00.163525   64bitEnabled       <integer> = 0x0000000000000001 (1)
00:00:00.163526   EnableLargePages   <integer> = 0x0000000000000001 (1)
00:00:00.163527   EnableNestedPaging <integer> = 0x0000000000000001 (1)
00:00:00.163528   EnableUX           <integer> = 0x0000000000000001 (1)
00:00:00.163528   EnableVPID         <integer> = 0x0000000000000001 (1)
00:00:00.163529   Exclusive          <integer> = 0x0000000000000000 (0)
00:00:00.163530   HMForced           <integer> = 0x0000000000000001 (1)
00:00:00.163531 
00:00:00.163531 [/MM/] (level 1)
00:00:00.163532   CanUseLargerHeap <integer> = 0x0000000000000000 (0)
00:00:00.163532 
00:00:00.163533 [/PDM/] (level 1)
00:00:00.163533 
00:00:00.163534 [/PDM/AsyncCompletion/] (level 2)
00:00:00.163535 
00:00:00.163535 [/PDM/AsyncCompletion/File/] (level 3)
00:00:00.163536 
00:00:00.163536 [/PDM/AsyncCompletion/File/BwGroups/] (level 4)
00:00:00.163537 
00:00:00.163538 [/PDM/BlkCache/] (level 2)
00:00:00.163539   CacheSize <integer> = 0x0000000000500000 (5 242 880, 5 MB)
00:00:00.163540 
00:00:00.163540 [/PDM/Devices/] (level 2)
00:00:00.163541 
00:00:00.163541 [/PDM/Drivers/] (level 2)
00:00:00.163542 
00:00:00.163542 [/PDM/Drivers/VBoxC/] (level 3)
00:00:00.163543   Path <string>  = "/Applications/VirtualBox.app/Contents/MacOS/components/VBoxC" (cb=61)
00:00:00.163544 
00:00:00.163544 [/PDM/NetworkShaper/] (level 2)
00:00:00.163545 
00:00:00.163546 [/PDM/NetworkShaper/BwGroups/] (level 3)
00:00:00.163546 
00:00:00.163547 [/TM/] (level 1)
00:00:00.163548   UTCOffset <integer> = 0x0000000000000000 (0)
00:00:00.163548 
00:00:00.163549 ********************* End of CFGM dump **********************
00:00:00.163553 VM: fHMEnabled=true  (configured) fRecompileUser=false fRecompileSupervisor=false
00:00:00.163555 VM: fRawRing1Enabled=false CSAM=false PATM=false
00:00:00.164638 HM: HMR3Init: VT-x w/ nested paging and unrestricted guest execution hw support
00:00:00.164687 MM: cbHyperHeap=0x100000 (1048576)
00:00:00.166758 CPUM: fXStateHostMask=0x7; initial: 0x7; host XCR0=0x7
00:00:00.168538 CPUM: Matched host CPU INTEL 0x6/0x46/0x1 Intel_Core7_Haswell with CPU DB entry 'Intel Core i7-5600U' (INTEL 0x6/0x3d/0x4 Intel_Core7_Broadwell)
00:00:00.169093 CPUM: SetGuestCpuIdFeature: Enabled PAE
00:00:00.171744 PGM: HCPhysInterPD=000000000d50d000 HCPhysInterPaePDPT=000000000d510000 HCPhysInterPaePML4=000000000d512000
00:00:00.171754 PGM: apInterPTs={000000000d50e000,000000000d50f000} apInterPaePTs={00000001fe9f6000,000000020d7f7000} apInterPaePDs={000000003cb78000,000000011f579000,000000013d1fa000,00000000564fb000} pInterPaePDPT64=000000000d511000
00:00:00.171771 PGM: Host paging mode: AMD64+PGE+NX
00:00:00.171776 PGM: PGMPool: cMaxPages=560 (u64MaxPages=545)
00:00:00.171779 PGM: pgmR3PoolInit: cMaxPages=0x230 cMaxUsers=0x460 cMaxPhysExts=0x460 fCacheEnable=true 
00:00:00.186777 TM: GIP - u32Mode=3 (Invariant) u32UpdateHz=100 u32UpdateIntervalNS=10000000 enmUseTscDelta=2 (Pratically Zero) fGetGipCpu=0x5 cCpus=8
00:00:00.186800 TM: GIP - u64CpuHz=1 995 381 060 (0x76ef1944)  SUPGetCpuHzFromGip => 1 995 381 060
00:00:00.186806 TM: GIP - CPU: iCpuSet=0x0 idCpu=0x0 idApic=0x0 iGipCpu=0x4 i64TSCDelta=0 enmState=3 u64CpuHz=1995381020(*) cErrors=0
00:00:00.186812 TM: GIP - CPU: iCpuSet=0x1 idCpu=0x1 idApic=0x1 iGipCpu=0x1 i64TSCDelta=0 enmState=3 u64CpuHz=1995381094(*) cErrors=0
00:00:00.186816 TM: GIP - CPU: iCpuSet=0x2 idCpu=0x2 idApic=0x2 iGipCpu=0x7 i64TSCDelta=0 enmState=3 u64CpuHz=1995381061(*) cErrors=0
00:00:00.186821 TM: GIP - CPU: iCpuSet=0x3 idCpu=0x3 idApic=0x3 iGipCpu=0x6 i64TSCDelta=0 enmState=3 u64CpuHz=1995381021(*) cErrors=0
00:00:00.186825 TM: GIP - CPU: iCpuSet=0x4 idCpu=0x4 idApic=0x4 iGipCpu=0x0 i64TSCDelta=0 enmState=3 u64CpuHz=1995381060(*) cErrors=0
00:00:00.186829 TM: GIP - CPU: iCpuSet=0x5 idCpu=0x5 idApic=0x5 iGipCpu=0x5 i64TSCDelta=0 enmState=3 u64CpuHz=1995381017(*) cErrors=0
00:00:00.186833 TM: GIP - CPU: iCpuSet=0x6 idCpu=0x6 idApic=0x6 iGipCpu=0x2 i64TSCDelta=0 enmState=3 u64CpuHz=1995380456(*) cErrors=0
00:00:00.186837 TM: GIP - CPU: iCpuSet=0x7 idCpu=0x7 idApic=0x7 iGipCpu=0x3 i64TSCDelta=0 enmState=3 u64CpuHz=1995381000(*) cErrors=0
00:00:00.186923 TM: cTSCTicksPerSecond=1 995 381 060 (0x76ef1944) enmTSCMode=3 (Dynamic)
00:00:00.186927 TM: TSCTiedToExecution=false TSCNotTiedToHalt=false
00:00:00.188912 GIM: Using provider 'KVM' (Implementation version: 0)
00:00:00.189103 CPUM: SetGuestCpuIdFeature: Enabled Hypervisor Present bit
00:00:00.189591 AIOMgr: Default manager type is 'Async'
00:00:00.189599 AIOMgr: Default file backend is 'NonBuffered'
00:00:00.189706 BlkCache: Cache successfully initialized. Cache size is 5242880 bytes
00:00:00.189712 BlkCache: Cache commit interval is 10000 ms
00:00:00.189714 BlkCache: Cache commit threshold is 2621440 bytes
00:00:00.198682 PcBios: [SMP] BIOS with 1 CPUs
00:00:00.201025 PcBios: MPS table at 000e1300
00:00:00.210463 SUP: Loaded VBoxDDR0.r0 (/Applications/VirtualBox.app/Contents/MacOS/VBoxDDR0.r0) at 0xffffff913b35e020 - ModuleInit at 0000000000000000 and ModuleTerm at 0000000000000000
00:00:00.214104 SUP: Loaded VBoxDD2R0.r0 (/Applications/VirtualBox.app/Contents/MacOS/VBoxDD2R0.r0) at 0xffffff913ad96020 - ModuleInit at 0000000000000000 and ModuleTerm at 0000000000000000
00:00:00.214179 APIC: Activating Local APIC
00:00:00.214192 CPUM: SetGuestCpuIdFeature: Enabled APIC
00:00:00.216573 PIT: mode=3 count=0x10000 (65536) - 18.20 Hz (ch=0)
00:00:00.223618 Shared Folders service loaded
00:00:00.243949 DrvBlock: Flushes will be ignored
00:00:00.243963 DrvBlock: Async flushes will be passed to the disk
00:00:00.244462 VD: VDInit finished
00:00:00.244516 VD: Opening the disk took 519954 ns
00:00:00.244535 AHCI LUN#0: CD/DVD, total number of sectors 19968, passthrough disabled
00:00:00.244544 AHCI: LUN#0: using normal I/O
00:00:00.244644 DrvBlock: Flushes will be ignored
00:00:00.244650 DrvBlock: Async flushes will be passed to the disk
00:00:00.247133 VD: Opening the disk took 2470259 ns
00:00:00.247164 AHCI: LUN#1: disk, PCHS=16383/16/63, total number of sectors 40960000
00:00:00.247171 AHCI: LUN#1: using normal I/O
00:00:00.247296 AHCI: Port2: No driver attached
00:00:00.247307 AHCI: Port3: No driver attached
00:00:00.247310 AHCI: Port4: No driver attached
00:00:00.247313 AHCI: Port5: No driver attached
00:00:00.247316 AHCI: Port6: No driver attached
00:00:00.247319 AHCI: Port7: No driver attached
00:00:00.247322 AHCI: Port8: No driver attached
00:00:00.247325 AHCI: Port9: No driver attached
00:00:00.247341 AHCI: Port10: No driver attached
00:00:00.247345 AHCI: Port11: No driver attached
00:00:00.247348 AHCI: Port12: No driver attached
00:00:00.247350 AHCI: Port13: No driver attached
00:00:00.247353 AHCI: Port14: No driver attached
00:00:00.247356 AHCI: Port15: No driver attached
00:00:00.247359 AHCI: Port16: No driver attached
00:00:00.247362 AHCI: Port17: No driver attached
00:00:00.247365 AHCI: Port18: No driver attached
00:00:00.247367 AHCI: Port19: No driver attached
00:00:00.247370 AHCI: Port20: No driver attached
00:00:00.247373 AHCI: Port21: No driver attached
00:00:00.247376 AHCI: Port22: No driver attached
00:00:00.247379 AHCI: Port23: No driver attached
00:00:00.247382 AHCI: Port24: No driver attached
00:00:00.247385 AHCI: Port25: No driver attached
00:00:00.247388 AHCI: Port26: No driver attached
00:00:00.247390 AHCI: Port27: No driver attached
00:00:00.247393 AHCI: Port28: No driver attached
00:00:00.247396 AHCI: Port29: No driver attached
00:00:00.247419 AHCI#0: Reset the HBA
00:00:00.260308 NAT: DNS#0: 75.75.75.75
00:00:00.260330 NAT: DNS#1: 75.75.76.76
00:00:00.262877 IntNet#0: szNetwork={HostInterfaceNetworking-vboxnet1} enmTrunkType=4 szTrunk={vboxnet1} fFlags=0x8000 cbRecv=325632 cbSend=196608 fIgnoreConnectFailure=false
00:00:00.265193 PcBios: SATA LUN#0 LCHS=1024/255/63
00:00:00.265205 PcBios: SATA LUN#1 LCHS=1024/255/63
00:00:00.265319 PGM: The CPU physical address width is 39 bits
00:00:00.265328 PGM: PGMR3InitFinalize: 4 MB PSE mask 0000007fffffffff
00:00:00.265402 TM: TMR3InitFinalize: fTSCModeSwitchAllowed=true 
00:00:00.271843 VMM: Thread-context hooks unavailable
00:00:00.271887 HM: Using VT-x implementation 2.0!
00:00:00.271888 HM: Host CR4                        = 0x1627e0
00:00:00.271899 HM: Host EFER                       = 0xd01
00:00:00.271901 HM: MSR_IA32_FEATURE_CONTROL        = 0x5
00:00:00.271901 HM: MSR_IA32_VMX_BASIC_INFO         = 0xda040000000012
00:00:00.271903 HM:   VMCS id                             = 0x12
00:00:00.271903 HM:   VMCS size                           = 1024 bytes
00:00:00.271904 HM:   VMCS physical address limit         = None
00:00:00.271905 HM:   VMCS memory type                    = 0x6
00:00:00.271906 HM:   Dual-monitor treatment support      = true 
00:00:00.271907 HM:   OUTS & INS instruction-info         = true 
00:00:00.271907 HM: Max resume loops                = 8192
00:00:00.271908 HM: MSR_IA32_VMX_PINBASED_CTLS      = 0x7f00000016
00:00:00.271909 HM:   VMX_VMCS_CTRL_PIN_EXEC_EXT_INT_EXIT
00:00:00.271941 HM:   VMX_VMCS_CTRL_PIN_EXEC_NMI_EXIT
00:00:00.271943 HM:   VMX_VMCS_CTRL_PIN_EXEC_VIRTUAL_NMI
00:00:00.271950 HM:   VMX_VMCS_CTRL_PIN_EXEC_PREEMPT_TIMER
00:00:00.271950 HM: MSR_IA32_VMX_PROCBASED_CTLS     = 0xfff9fffe0401e172
00:00:00.271952 HM:   VMX_VMCS_CTRL_PROC_EXEC_INT_WINDOW_EXIT
00:00:00.271953 HM:   VMX_VMCS_CTRL_PROC_EXEC_USE_TSC_OFFSETTING
00:00:00.271953 HM:   VMX_VMCS_CTRL_PROC_EXEC_HLT_EXIT
00:00:00.271954 HM:   VMX_VMCS_CTRL_PROC_EXEC_INVLPG_EXIT
00:00:00.271954 HM:   VMX_VMCS_CTRL_PROC_EXEC_MWAIT_EXIT
00:00:00.271955 HM:   VMX_VMCS_CTRL_PROC_EXEC_RDPMC_EXIT
00:00:00.271955 HM:   VMX_VMCS_CTRL_PROC_EXEC_RDTSC_EXIT
00:00:00.272044 HM:   VMX_VMCS_CTRL_PROC_EXEC_CR3_LOAD_EXIT (must be set)
00:00:00.272045 HM:   VMX_VMCS_CTRL_PROC_EXEC_CR3_STORE_EXIT (must be set)
00:00:00.272046 HM:   VMX_VMCS_CTRL_PROC_EXEC_CR8_LOAD_EXIT
00:00:00.272047 HM:   VMX_VMCS_CTRL_PROC_EXEC_CR8_STORE_EXIT
00:00:00.272047 HM:   VMX_VMCS_CTRL_PROC_EXEC_USE_TPR_SHADOW
00:00:00.272048 HM:   VMX_VMCS_CTRL_PROC_EXEC_NMI_WINDOW_EXIT
00:00:00.272048 HM:   VMX_VMCS_CTRL_PROC_EXEC_MOV_DR_EXIT
00:00:00.272049 HM:   VMX_VMCS_CTRL_PROC_EXEC_UNCOND_IO_EXIT
00:00:00.272049 HM:   VMX_VMCS_CTRL_PROC_EXEC_USE_IO_BITMAPS
00:00:00.272050 HM:   VMX_VMCS_CTRL_PROC_EXEC_MONITOR_TRAP_FLAG
00:00:00.272050 HM:   VMX_VMCS_CTRL_PROC_EXEC_USE_MSR_BITMAPS
00:00:00.272054 HM:   VMX_VMCS_CTRL_PROC_EXEC_MONITOR_EXIT
00:00:00.272055 HM:   VMX_VMCS_CTRL_PROC_EXEC_PAUSE_EXIT
00:00:00.272055 HM:   VMX_VMCS_CTRL_PROC_EXEC_USE_SECONDARY_EXEC_CTRL
00:00:00.272055 HM: MSR_IA32_VMX_PROCBASED_CTLS2    = 0x3cff00000000
00:00:00.272056 HM:   VMX_VMCS_CTRL_PROC_EXEC2_VIRT_APIC
00:00:00.272128 HM:   VMX_VMCS_CTRL_PROC_EXEC2_EPT
00:00:00.272129 HM:   VMX_VMCS_CTRL_PROC_EXEC2_DESCRIPTOR_TABLE_EXIT
00:00:00.272130 HM:   VMX_VMCS_CTRL_PROC_EXEC2_RDTSCP
00:00:00.272130 HM:   VMX_VMCS_CTRL_PROC_EXEC2_VIRT_X2APIC
00:00:00.272131 HM:   VMX_VMCS_CTRL_PROC_EXEC2_VPID
00:00:00.272131 HM:   VMX_VMCS_CTRL_PROC_EXEC2_WBINVD_EXIT
00:00:00.272131 HM:   VMX_VMCS_CTRL_PROC_EXEC2_UNRESTRICTED_GUEST
00:00:00.272133 HM:   VMX_VMCS_CTRL_PROC_EXEC2_PAUSE_LOOP_EXIT
00:00:00.272134 HM:   VMX_VMCS_CTRL_PROC_EXEC2_RDRAND_EXIT
00:00:00.272134 HM:   VMX_VMCS_CTRL_PROC_EXEC2_INVPCID
00:00:00.272135 HM:   VMX_VMCS_CTRL_PROC_EXEC2_VMFUNC
00:00:00.272135 HM:   VMX_VMCS_CTRL_PROC_EXEC2_VMCS_SHADOWING (must be cleared)
00:00:00.272136 HM:   VMX_VMCS_CTRL_PROC_EXEC2_RDSEED_EXIT (must be cleared)
00:00:00.272136 HM:   VMX_VMCS_CTRL_PROC_EXEC2_EPT_VE (must be cleared)
00:00:00.272137 HM:   VMX_VMCS_CTRL_PROC_EXEC2_XSAVES (must be cleared)
00:00:00.272137 HM: MSR_IA32_VMX_ENTRY_CTLS         = 0xffff000011ff
00:00:00.272138 HM:   VMX_VMCS_CTRL_ENTRY_LOAD_DEBUG (must be set)
00:00:00.272138 HM:   VMX_VMCS_CTRL_ENTRY_IA32E_MODE_GUEST
00:00:00.272139 HM:   VMX_VMCS_CTRL_ENTRY_ENTRY_SMM
00:00:00.272139 HM:   VMX_VMCS_CTRL_ENTRY_DEACTIVATE_DUALMON
00:00:00.272140 HM:   VMX_VMCS_CTRL_ENTRY_LOAD_GUEST_PERF_MSR
00:00:00.272140 HM:   VMX_VMCS_CTRL_ENTRY_LOAD_GUEST_PAT_MSR
00:00:00.272141 HM:   VMX_VMCS_CTRL_ENTRY_LOAD_GUEST_EFER_MSR
00:00:00.272141 HM: MSR_IA32_VMX_EXIT_CTLS          = 0x7fffff00036dff
00:00:00.272142 HM:   VMX_VMCS_CTRL_EXIT_SAVE_DEBUG (must be set)
00:00:00.272142 HM:   VMX_VMCS_CTRL_EXIT_HOST_ADDR_SPACE_SIZE
00:00:00.272143 HM:   VMX_VMCS_CTRL_EXIT_LOAD_PERF_MSR
00:00:00.272143 HM:   VMX_VMCS_CTRL_EXIT_ACK_EXT_INT
00:00:00.272144 HM:   VMX_VMCS_CTRL_EXIT_SAVE_GUEST_PAT_MSR
00:00:00.272144 HM:   VMX_VMCS_CTRL_EXIT_LOAD_HOST_PAT_MSR
00:00:00.272145 HM:   VMX_VMCS_CTRL_EXIT_SAVE_GUEST_EFER_MSR
00:00:00.272145 HM:   VMX_VMCS_CTRL_EXIT_LOAD_HOST_EFER_MSR
00:00:00.272145 HM:   VMX_VMCS_CTRL_EXIT_SAVE_VMX_PREEMPT_TIMER
00:00:00.272175 HM: MSR_IA32_VMX_EPT_VPID_CAP       = 0xf0106334141
00:00:00.272178 HM:   MSR_IA32_VMX_EPT_VPID_CAP_RWX_X_ONLY
00:00:00.272179 HM:   MSR_IA32_VMX_EPT_VPID_CAP_GAW_48_BITS
00:00:00.272180 HM:   MSR_IA32_VMX_EPT_VPID_CAP_EMT_UC
00:00:00.272184 HM:   MSR_IA32_VMX_EPT_VPID_CAP_EMT_WB
00:00:00.272185 HM:   MSR_IA32_VMX_EPT_VPID_CAP_SP_21_BITS
00:00:00.272185 HM:   MSR_IA32_VMX_EPT_VPID_CAP_SP_30_BITS
00:00:00.272186 HM:   MSR_IA32_VMX_EPT_VPID_CAP_INVEPT
00:00:00.272186 HM:   MSR_IA32_VMX_EPT_VPID_CAP_INVEPT_SINGLE_CONTEXT
00:00:00.272187 HM:   MSR_IA32_VMX_EPT_VPID_CAP_INVEPT_ALL_CONTEXTS
00:00:00.272187 HM:   MSR_IA32_VMX_EPT_VPID_CAP_INVVPID
00:00:00.272188 HM:   MSR_IA32_VMX_EPT_VPID_CAP_INVVPID_INDIV_ADDR
00:00:00.272188 HM:   MSR_IA32_VMX_EPT_VPID_CAP_INVVPID_SINGLE_CONTEXT
00:00:00.272189 HM:   MSR_IA32_VMX_EPT_VPID_CAP_INVVPID_ALL_CONTEXTS
00:00:00.272189 HM:   MSR_IA32_VMX_EPT_VPID_CAP_INVVPID_SINGLE_CONTEXT_RETAIN_GLOBALS
00:00:00.272190 HM: MSR_IA32_VMX_MISC               = 0x300481e5
00:00:00.272191 HM:   MSR_IA32_VMX_MISC_PREEMPT_TSC_BIT      = 0x5
00:00:00.272191 HM:   MSR_IA32_VMX_MISC_STORE_EFERLMA_VMEXIT = true 
00:00:00.272192 HM:   MSR_IA32_VMX_MISC_ACTIVITY_STATES      = 0x7
00:00:00.272193 HM:   MSR_IA32_VMX_MISC_CR3_TARGET           = 0x4
00:00:00.272193 HM:   MSR_IA32_VMX_MISC_MAX_MSR              = 512
00:00:00.272194 HM:   MSR_IA32_VMX_MISC_RDMSR_SMBASE_MSR_SMM = true 
00:00:00.272195 HM:   MSR_IA32_VMX_MISC_SMM_MONITOR_CTL_B2   = true 
00:00:00.272195 HM:   MSR_IA32_VMX_MISC_VMWRITE_VMEXIT_INFO  = true 
00:00:00.272196 HM:   MSR_IA32_VMX_MISC_MSEG_ID              = 0x0
00:00:00.272196 HM: MSR_IA32_VMX_CR0_FIXED0         = 0x80000021
00:00:00.272197 HM: MSR_IA32_VMX_CR0_FIXED1         = 0xffffffff
00:00:00.272198 HM: MSR_IA32_VMX_CR4_FIXED0         = 0x2000
00:00:00.272199 HM: MSR_IA32_VMX_CR4_FIXED1         = 0x1727ff
00:00:00.272199 HM: MSR_IA32_VMX_VMCS_ENUM          = 0x2a
00:00:00.272200 HM:   MSR_IA32_VMX_VMCS_ENUM_HIGHEST_INDEX   = 0x15
00:00:00.272201 HM: MSR_A32_VMX_VMFUNC              = 0x1
00:00:00.272201 HM:   VMX_VMCS_CTRL_VMFUNC_EPTP_SWITCHING
00:00:00.272202 HM: APIC-access page physaddr       = 0x000000000db2c000
00:00:00.272203 HM: VCPU  0: MSR bitmap physaddr    = 0x000000000db3a000
00:00:00.272204 HM: VCPU  0: VMCS physaddr          = 0x000000000db32000
00:00:00.272205 HM: Guest support: 32-bit and 64-bit
00:00:00.272217 HM: Supports VMCS EFER fields       = true 
00:00:00.272218 HM: VMX enabled!
00:00:00.272220 CPUM: SetGuestCpuIdFeature: Enabled SYSENTER/EXIT
00:00:00.272221 CPUM: SetGuestCpuIdFeature: Enabled PAE
00:00:00.272221 CPUM: SetGuestCpuIdFeature: Enabled LONG MODE
00:00:00.272222 CPUM: SetGuestCpuIdFeature: Enabled SYSCALL/RET
00:00:00.272223 CPUM: SetGuestCpuIdFeature: Enabled LAHF/SAHF
00:00:00.272223 CPUM: SetGuestCpuIdFeature: Enabled NX
00:00:00.272224 HM: Nested paging enabled!
00:00:00.272224 HM:   EPT flush type                = VMXFLUSHEPT_SINGLE_CONTEXT
00:00:00.272225 HM: Unrestricted guest execution enabled!
00:00:00.272225 HM: Large page support enabled
00:00:00.272225 HM: VPID enabled!
00:00:00.272226 HM:   VPID flush type               = VMXFLUSHVPID_SINGLE_CONTEXT
00:00:00.272227 HM: VMX-preemption timer enabled (cPreemptTimerShift=5)
00:00:00.272228 HM: VT-x/AMD-V init method: GLOBAL
00:00:00.272229 VMM: fUsePeriodicPreemptionTimers=false
00:00:00.273891 CPUM: Logical host processors: 8 present, 8 max, 8 online, online mask: 00000000000000ff
00:00:00.273895 CPUM: Physical host cores: 4
00:00:00.273896 ************************* CPUID dump ************************
00:00:00.273944          Raw Standard CPUID Leaves
00:00:00.273944      Leaf/sub-leaf  eax      ebx      ecx      edx
00:00:00.273946 Gst: 00000000/0000  0000000d 756e6547 6c65746e 49656e69
00:00:00.273947 Hst:                0000000d 756e6547 6c65746e 49656e69
00:00:00.273949 Gst: 00000001/0000  00040661 00000800 d6d8220b 078bfbff
00:00:00.273950 Hst:                00040661 04100800 7ffafbbf bfebfbff
00:00:00.273952 Gst: 00000002/0000  76036301 00f0b5ff 00000000 00c10000
00:00:00.273953 Hst:                76036301 00f0b5ff 00000000 00c10000
00:00:00.273954 Gst: 00000003/0000  00000000 00000000 00000000 00000000
00:00:00.273955 Hst:                00000000 00000000 00000000 00000000
00:00:00.273955 Gst: 00000004/0000  00000121 01c0003f 0000003f 00000000
00:00:00.273956 Hst:                1c004121 01c0003f 0000003f 00000000
00:00:00.273957 Gst: 00000004/0001  00000122 01c0003f 0000003f 00000000
00:00:00.273958 Hst:                1c004122 01c0003f 0000003f 00000000
00:00:00.273959 Gst: 00000004/0002  00000143 01c0003f 000001ff 00000000
00:00:00.273960 Hst:                1c004143 01c0003f 000001ff 00000000
00:00:00.273961 Gst: 00000004/0003  00000163 02c0003f 00001fff 00000006
00:00:00.273962 Hst:                1c03c163 02c0003f 00001fff 00000006
00:00:00.273963 Gst: 00000004/0004  00000183 03c0f03f 00001fff 00000004
00:00:00.273964 Hst:                1c03c183 03c0f03f 00001fff 00000004
00:00:00.273965 Gst: 00000004/0005  00000000 00000000 00000000 00000000
00:00:00.273966 Hst:                00000000 00000000 00000000 00000000
00:00:00.273967 Gst: 00000005/0000  00000040 00000040 00000000 00000000
00:00:00.273967 Hst:                00000040 00000040 00000003 00042120
00:00:00.273968 Gst: 00000006/0000  00000000 00000000 00000000 00000000
00:00:00.273969 Hst:                00000077 00000002 00000009 00000000
00:00:00.273970 Gst: 00000007/0000  00000000 00002000 00000000 00000000
00:00:00.273971 Hst:                00000000 000027ab 00000000 00000000
00:00:00.273972 Gst: 00000007/0001  00000000 00000000 00000000 00000000
00:00:00.273972 Hst:                00000000 00000000 00000000 00000000
00:00:00.273973 Gst: 00000008/0000  00000000 00000000 00000000 00000000
00:00:00.273974 Hst:                00000000 00000000 00000000 00000000
00:00:00.273975 Gst: 00000009/0000  00000000 00000000 00000000 00000000
00:00:00.273975 Hst:                00000000 00000000 00000000 00000000
00:00:00.273976 Gst: 0000000a/0000  00000000 00000000 00000000 00000000
00:00:00.273977 Hst:                07300403 00000000 00000000 00000603
00:00:00.273978 Gst: 0000000b/0000  00000000 00000001 00000100 00000000
00:00:00.273978 Hst:                00000001 00000002 00000100 00000004
00:00:00.273979 Gst: 0000000b/0001  00000001 00000001 00000201 00000000
00:00:00.273980 Hst:                00000004 00000008 00000201 00000004
00:00:00.273981 Gst: 0000000b/0002  00000000 00000000 00000002 00000000
00:00:00.273981 Hst:                00000000 00000000 00000002 00000004
00:00:00.273982 Gst: 0000000c/0000  00000000 00000000 00000000 00000000
00:00:00.273983 Hst:                00000000 00000000 00000000 00000000
00:00:00.273984 Gst: 0000000d/0000  00000007 00000340 00000340 00000000
00:00:00.273984 Hst:                00000007 00000340 00000340 00000000
00:00:00.273985 Gst: 0000000d/0001  00000000 00000000 00000000 00000000
00:00:00.273986 Hst:                00000001 00000000 00000000 00000000
00:00:00.273987 Gst: 0000000d/0002  00000100 00000240 00000000 00000000
00:00:00.273987 Hst:                00000100 00000240 00000000 00000000
00:00:00.273988 Gst: 0000000d/0003  00000000 00000000 00000000 00000000
00:00:00.273989 Hst:                00000000 00000000 00000000 00000000
00:00:00.274003                                Name: GenuineIntel
00:00:00.274005                            Supports: 0x00000000-0x0000000d
00:00:00.274006                              Family:  6 	Extended: 0 	Effective: 6
00:00:00.274008                               Model:  6 	Extended: 4 	Effective: 70
00:00:00.274009                            Stepping: 1
00:00:00.274010                                Type: 0 (primary)
00:00:00.274011                             APIC ID: 0x00
00:00:00.274012                        Logical CPUs: 0
00:00:00.274012                        CLFLUSH Size: 8
00:00:00.274013                            Brand ID: 0x00
00:00:00.274014 Features
00:00:00.274015   Mnemonic - Description                                  = guest (host)
00:00:00.274028   FPU - x87 FPU on Chip                                   = 1 (1)
00:00:00.274029   VME - Virtual 8086 Mode Enhancements                    = 1 (1)
00:00:00.274030   DE - Debugging extensions                               = 1 (1)
00:00:00.274032   PSE - Page Size Extension                               = 1 (1)
00:00:00.274033   TSC - Time Stamp Counter                                = 1 (1)
00:00:00.274034   MSR - Model Specific Registers                          = 1 (1)
00:00:00.274035   PAE - Physical Address Extension                        = 1 (1)
00:00:00.274036   MCE - Machine Check Exception                           = 1 (1)
00:00:00.274037   CX8 - CMPXCHG8B instruction                             = 1 (1)
00:00:00.274038   APIC - APIC On-Chip                                     = 1 (1)
00:00:00.274039   SEP - SYSENTER and SYSEXIT Present                      = 1 (1)
00:00:00.274040   MTRR - Memory Type Range Registers                      = 1 (1)
00:00:00.274041   PGE - PTE Global Bit                                    = 1 (1)
00:00:00.274042   MCA - Machine Check Architecture                        = 1 (1)
00:00:00.274043   CMOV - Conditional Move instructions                    = 1 (1)
00:00:00.274044   PAT - Page Attribute Table                              = 1 (1)
00:00:00.274045   PSE-36 - 36-bit Page Size Extension                     = 1 (1)
00:00:00.274046   PSN - Processor Serial Number                           = 0 (0)
00:00:00.274047   CLFSH - CLFLUSH instruction                             = 1 (1)
00:00:00.274048   DS - Debug Store                                        = 0 (1)
00:00:00.274050   ACPI - Thermal Mon. & Soft. Clock Ctrl.                 = 0 (1)
00:00:00.274051   MMX - Intel MMX Technology                              = 1 (1)
00:00:00.274052   FXSR - FXSAVE and FXRSTOR instructions                  = 1 (1)
00:00:00.274053   SSE - SSE support                                       = 1 (1)
00:00:00.274054   SSE2 - SSE2 support                                     = 1 (1)
00:00:00.274055   SS - Self Snoop                                         = 0 (1)
00:00:00.274056   HTT - Hyper-Threading Technology                        = 0 (1)
00:00:00.274057   TM - Therm. Monitor                                     = 0 (1)
00:00:00.274059   PBE - Pending Break Enabled                             = 0 (1)
00:00:00.274060   SSE3 - SSE3 support                                     = 1 (1)
00:00:00.274061   PCLMUL - PCLMULQDQ support (for AES-GCM)                = 1 (1)
00:00:00.274062   DTES64 - DS Area 64-bit Layout                          = 0 (1)
00:00:00.274063   MONITOR - MONITOR/MWAIT instructions                    = 1 (1)
00:00:00.274064   CPL-DS - CPL Qualified Debug Store                      = 0 (1)
00:00:00.274065   VMX - Virtual Machine Extensions                        = 0 (1)
00:00:00.274066   SMX - Safer Mode Extensions                             = 0 (0)
00:00:00.274067   EST - Enhanced SpeedStep Technology                     = 0 (1)
00:00:00.274068   TM2 - Terminal Monitor 2                                = 0 (1)
00:00:00.274069   SSSE3 - Supplemental Streaming SIMD Extensions 3        = 1 (1)
00:00:00.274069   CNTX-ID - L1 Context ID                                 = 0 (0)
00:00:00.274071   SDBG - Silicon Debug interface                          = 0 (1)
00:00:00.274072   FMA - Fused Multiply Add extensions                     = 0 (1)
00:00:00.274073   CX16 - CMPXCHG16B instruction                           = 1 (1)
00:00:00.274074   TPRUPDATE - xTPR Update Control                         = 0 (1)
00:00:00.274075   PDCM - Perf/Debug Capability MSR                        = 0 (1)
00:00:00.274076   PCID - Process Context Identifiers                      = 0 (1)
00:00:00.274077   DCA - Direct Cache Access                               = 0 (0)
00:00:00.274078   SSE4_1 - SSE4_1 support                                 = 1 (1)
00:00:00.274079   SSE4_2 - SSE4_2 support                                 = 1 (1)
00:00:00.274080   X2APIC - x2APIC support                                 = 0 (1)
00:00:00.274081   MOVBE - MOVBE instruction                               = 1 (1)
00:00:00.274082   POPCNT - POPCNT instruction                             = 1 (1)
00:00:00.274083   TSCDEADL - Time Stamp Counter Deadline                  = 0 (1)
00:00:00.274084   AES - AES instructions                                  = 1 (1)
00:00:00.274085   XSAVE - XSAVE instruction                               = 1 (1)
00:00:00.274086   OSXSAVE - OSXSAVE instruction                           = 0 (1)
00:00:00.274087   AVX - AVX support                                       = 1 (1)
00:00:00.274088   F16C - 16-bit floating point conversion instructions    = 0 (1)
00:00:00.274089   RDRAND - RDRAND instruction                             = 1 (1)
00:00:00.274090   HVP - Hypervisor Present (we're a guest)                = 1 (0)
00:00:00.274091 Structured Extended Feature Flags Enumeration (leaf 7):
00:00:00.274092   Mnemonic - Description                                  = guest (host)
00:00:00.274092   FSGSBASE - RDFSBASE/RDGSBASE/WRFSBASE/WRGSBASE instr.   = 0 (1)
00:00:00.274093   TSCADJUST - Supports MSR_IA32_TSC_ADJUST                = 0 (1)
00:00:00.274094   BMI1 - Advanced Bit Manipulation extension 1            = 0 (1)
00:00:00.274095   HLE - Hardware Lock Elision                             = 0 (0)
00:00:00.274096   AVX2 - Advanced Vector Extensions 2                     = 0 (1)
00:00:00.274097   SMEP - Supervisor Mode Execution Prevention             = 0 (1)
00:00:00.274097   BMI2 - Advanced Bit Manipulation extension 2            = 0 (1)
00:00:00.274098   ERMS - Enhanced REP MOVSB/STOSB instructions            = 0 (1)
00:00:00.274099   INVPCID - INVPCID instruction                           = 0 (1)
00:00:00.274100   RTM - Restricted Transactional Memory                   = 0 (0)
00:00:00.274101   PQM - Platform Quality of Service Monitoring            = 0 (0)
00:00:00.274102   DEPFPU_CS_DS - Deprecates FPU CS, FPU DS values if set  = 1 (1)
00:00:00.274103   MPE - Intel Memory Protection Extensions                = 0 (0)
00:00:00.274103   PQE - Platform Quality of Service Enforcement           = 0 (0)
00:00:00.274104   AVX512F - AVX512 Foundation instructions                = 0 (0)
00:00:00.274105   RDSEED - RDSEED instruction                             = 0 (0)
00:00:00.274106   ADX - ADCX/ADOX instructions                            = 0 (0)
00:00:00.274107   SMAP - Supervisor Mode Access Prevention                = 0 (0)
00:00:00.274108   CLFLUSHOPT - CLFLUSHOPT (Cache Line Flush) instruction  = 0 (0)
00:00:00.274109   INTEL_PT - Intel Processor Trace                        = 0 (0)
00:00:00.274110   AVX512PF - AVX512 Prefetch instructions                 = 0 (0)
00:00:00.274111   AVX512ER - AVX512 Exponential & Reciprocal instructions = 0 (0)
00:00:00.274111   AVX512CD - AVX512 Conflict Detection instructions       = 0 (0)
00:00:00.274112   SHA - Secure Hash Algorithm extensions                  = 0 (0)
00:00:00.274113   PREFETCHWT1 - PREFETCHWT1 instruction                   = 0 (0)
00:00:00.274114   PKU - Protection Key for Usermode pages                 = 0 (0)
00:00:00.274115   OSPKU - CR4.PKU mirror                                  = 0 (0)
00:00:00.274116 Processor Extended State Enumeration (leaf 0xd):
00:00:00.274117    XSAVE area cur/max size by XCR0, guest: 0x340/0x340
00:00:00.274118     XSAVE area cur/max size by XCR0, host: 0x340/0x340
00:00:00.274119                    Valid XCR0 bits, guest: 0x00000000`00000007 ( x87 SSE YMM_Hi128 )
00:00:00.274121                     Valid XCR0 bits, host: 0x00000000`00000007 ( x87 SSE YMM_Hi128 )
00:00:00.274123                     XSAVE features, guest:
00:00:00.274123                      XSAVE features, host: XSAVEOPT
00:00:00.274124       XSAVE area cur size XCR0|XSS, guest: 0x0
00:00:00.274125        XSAVE area cur size XCR0|XSS, host: 0x0
00:00:00.274126                Valid IA32_XSS bits, guest: 0x00000000`00000000
00:00:00.274127                 Valid IA32_XSS bits, host: 0x00000000`00000000
00:00:00.274128   State #2, guest: off=0x0240, cb=0x0100 IA32_XSS-bit -- YMM_Hi128
00:00:00.274129   State #2, host:  off=0x0240, cb=0x0100 IA32_XSS-bit -- YMM_Hi128
00:00:00.274137          Raw Hypervisor CPUID Leaves
00:00:00.274138      Leaf/sub-leaf  eax      ebx      ecx      edx
00:00:00.274138 Gst: 40000000/0000  40000001 4b4d564b 564b4d56 0000004d
00:00:00.274140 Hst:                00000007 00000340 00000340 00000000
00:00:00.274141 Gst: 40000001/0000  01000089 00000000 00000000 00000000
00:00:00.274142 Hst:                00000007 00000340 00000340 00000000
00:00:00.274143          Raw Extended CPUID Leaves
00:00:00.274143      Leaf/sub-leaf  eax      ebx      ecx      edx
00:00:00.274144 Gst: 80000000/0000  80000008 00000000 00000000 00000000
00:00:00.274145 Hst:                80000008 00000000 00000000 00000000
00:00:00.274146 Gst: 80000001/0000  00000000 00000000 00000021 28100800
00:00:00.274147 Hst:                00000000 00000000 00000021 2c100800
00:00:00.274148 Gst: 80000002/0000  65746e49 2952286c 726f4320 4d542865
00:00:00.274149 Hst:                65746e49 2952286c 726f4320 4d542865
00:00:00.274151 Gst: 80000003/0000  37692029 3537342d 20514830 20555043
00:00:00.274152 Hst:                37692029 3537342d 20514830 20555043
00:00:00.274154 Gst: 80000004/0000  2e322040 48473030 0000007a 00000000
00:00:00.274155 Hst:                2e322040 48473030 0000007a 00000000
00:00:00.274156 Gst: 80000005/0000  00000000 00000000 00000000 00000000
00:00:00.274157 Hst:                00000000 00000000 00000000 00000000
00:00:00.274158 Gst: 80000006/0000  00000000 00000000 01006040 00000000
00:00:00.274159 Hst:                00000000 00000000 01006040 00000000
00:00:00.274160 Gst: 80000007/0000  00000000 00000000 00000000 00000100
00:00:00.274161 Hst:                00000000 00000000 00000000 00000100
00:00:00.274161 Gst: 80000008/0000  00003027 00000000 00000000 00000000
00:00:00.274162 Hst:                00003027 00000000 00000000 00000000
00:00:00.274163 Ext Name:                        
00:00:00.274164 Ext Supports:                    0x80000000-0x80000008
00:00:00.274165 Family:                          0  	Extended: 0 	Effective: 0
00:00:00.274165 Model:                           0  	Extended: 0 	Effective: 0
00:00:00.274166 Stepping:                        0
00:00:00.274166 Brand ID:                        0x000
00:00:00.274167 Ext Features
00:00:00.274167   Mnemonic - Description                                  = guest (host)
00:00:00.274168   FPU - x87 FPU on Chip                                   = 0 (0)
00:00:00.274169   VME - Virtual 8086 Mode Enhancements                    = 0 (0)
00:00:00.274170   DE - Debugging extensions                               = 0 (0)
00:00:00.274171   PSE - Page Size Extension                               = 0 (0)
00:00:00.274172   TSC - Time Stamp Counter                                = 0 (0)
00:00:00.274173   MSR - K86 Model Specific Registers                      = 0 (0)
00:00:00.274174   PAE - Physical Address Extension                        = 0 (0)
00:00:00.274175   MCE - Machine Check Exception                           = 0 (0)
00:00:00.274176   CX8 - CMPXCHG8B instruction                             = 0 (0)
00:00:00.274177   APIC - APIC On-Chip                                     = 0 (0)
00:00:00.274178   SEP - SYSCALL/SYSRET                                    = 1 (1)
00:00:00.274179   MTRR - Memory Type Range Registers                      = 0 (0)
00:00:00.274180   PGE - PTE Global Bit                                    = 0 (0)
00:00:00.274181   MCA - Machine Check Architecture                        = 0 (0)
00:00:00.274182   CMOV - Conditional Move instructions                    = 0 (0)
00:00:00.274183   PAT - Page Attribute Table                              = 0 (0)
00:00:00.274184   PSE-36 - 36-bit Page Size Extension                     = 0 (0)
00:00:00.274185   NX - No-Execute/Execute-Disable                         = 1 (1)
00:00:00.274186   AXMMX - AMD Extensions to MMX instructions              = 0 (0)
00:00:00.274187   MMX - Intel MMX Technology                              = 0 (0)
00:00:00.274188   FXSR - FXSAVE and FXRSTOR Instructions                  = 0 (0)
00:00:00.274189   FFXSR - AMD fast FXSAVE and FXRSTOR instructions        = 0 (0)
00:00:00.274190   Page1GB - 1 GB large page                               = 0 (1)
00:00:00.274191   RDTSCP - RDTSCP instruction                             = 1 (1)
00:00:00.274192   LM - AMD64 Long Mode                                    = 1 (1)
00:00:00.274193   3DNOWEXT - AMD Extensions to 3DNow                      = 0 (0)
00:00:00.274194   3DNOW - AMD 3DNow                                       = 0 (0)
00:00:00.274195   LahfSahf - LAHF/SAHF support in 64-bit mode             = 1 (1)
00:00:00.274196   CmpLegacy - Core multi-processing legacy mode           = 0 (0)
00:00:00.274197   SVM - AMD VM extensions                                 = 0 (0)
00:00:00.274198   EXTAPIC - AMD Extended APIC registers                   = 0 (0)
00:00:00.274199   CR8L - AMD LOCK MOV CR0 means MOV CR8                   = 0 (0)
00:00:00.274200   ABM - AMD Advanced Bit Manipulation                     = 1 (1)
00:00:00.274201   SSE4A - SSE4A instructions                              = 0 (0)
00:00:00.274202   MISALIGNSSE - AMD Misaligned SSE mode                   = 0 (0)
00:00:00.274203   3DNOWPRF - AMD PREFETCH and PREFETCHW instructions      = 0 (0)
00:00:00.274203   OSVW - AMD OS Visible Workaround                        = 0 (0)
00:00:00.274204   IBS - Instruct Based Sampling                           = 0 (0)
00:00:00.274205   XOP - Extended Operation support                        = 0 (0)
00:00:00.274206   SKINIT - SKINIT, STGI, and DEV support                  = 0 (0)
00:00:00.274207   WDT - AMD Watchdog Timer support                        = 0 (0)
00:00:00.274208   LWP - Lightweight Profiling support                     = 0 (0)
00:00:00.274209   FMA4 - Four operand FMA instruction support             = 0 (0)
00:00:00.274210   NodeId - NodeId in MSR C001_100C                        = 0 (0)
00:00:00.274211   TBM - Trailing Bit Manipulation instructions            = 0 (0)
00:00:00.274212   TOPOEXT - Topology Extensions                           = 0 (0)
00:00:00.274213 Full Name:                       "Intel(R) Core(TM) i7-4750HQ CPU @ 2.00GHz"
00:00:00.274214 TLB 2/4M Instr/Uni:              res0     0 entries
00:00:00.274215 TLB 2/4M Data:                   res0     0 entries
00:00:00.274215 TLB 4K Instr/Uni:                res0     0 entries
00:00:00.274216 TLB 4K Data:                     res0     0 entries
00:00:00.274216 L1 Instr Cache Line Size:        0 bytes
00:00:00.274217 L1 Instr Cache Lines Per Tag:    0
00:00:00.274217 L1 Instr Cache Associativity:    res0  
00:00:00.274218 L1 Instr Cache Size:             0 KB
00:00:00.274218 L1 Data Cache Line Size:         0 bytes
00:00:00.274219 L1 Data Cache Lines Per Tag:     0
00:00:00.274219 L1 Data Cache Associativity:     res0  
00:00:00.274219 L1 Data Cache Size:              0 KB
00:00:00.274220 L2 TLB 2/4M Instr/Uni:           off       0 entries
00:00:00.274221 L2 TLB 2/4M Data:                off       0 entries
00:00:00.274221 L2 TLB 4K Instr/Uni:             off       0 entries
00:00:00.274222 L2 TLB 4K Data:                  off       0 entries
00:00:00.274222 L2 Cache Line Size:              0 bytes
00:00:00.274223 L2 Cache Lines Per Tag:          0
00:00:00.274223 L2 Cache Associativity:          off   
00:00:00.274224 L2 Cache Size:                   0 KB
00:00:00.274224 APM Features:                    TscInvariant
00:00:00.274225 Host Invariant-TSC support:      true 
00:00:00.274226 Physical Address Width:          39 bits
00:00:00.274227 Virtual Address Width:           48 bits
00:00:00.274227 Guest Physical Address Width:    0 bits
00:00:00.274228 Physical Core Count:             0
00:00:00.274228 
00:00:00.274229 ******************** End of CPUID dump **********************
00:00:00.277974 VMEmt: Halt method global1 (5)
00:00:00.278074 VMEmt: HaltedGlobal1 config: cNsSpinBlockThresholdCfg=2000
00:00:00.278083 Changing the VM state from 'CREATING' to 'CREATED'
00:00:00.282107 SharedFolders host service: Adding host mapping
00:00:00.282122     Host path '/Users', map name 'Users', writable, automount=true, create_symlinks=true, missing=false
00:00:00.282181 Changing the VM state from 'CREATED' to 'POWERING_ON'
00:00:00.282203 NAT: set redirect TCP host 127.0.0.1:58800 => guest 10.0.2.15:22
00:00:00.282360 Changing the VM state from 'POWERING_ON' to 'RUNNING'
00:00:00.282374 Console: Machine state changed to 'Running'
00:00:00.285777 VMMDev: Guest Log: BIOS: VirtualBox 5.0.10
00:00:00.287270 PIT: mode=2 count=0x10000 (65536) - 18.20 Hz (ch=0)
00:00:00.305629 Display::handleDisplayResize: uScreenId=0 pvVRAM=0000000000000000 w=720 h=400 bpp=0 cbLine=0x0 flags=0x1
00:00:00.313588 AHCI#0: Reset the HBA
00:00:00.313648 AHCI#0: Port 0 reset
00:00:00.313815 AHCI#0: Port 1 reset
00:00:00.314304 VMMDev: Guest Log: BIOS: AHCI 1-P#1: PCHS=16383/16/63 LCHS=1024/255/63 40960000 sectors
00:00:00.314359 AHCI#0: Port 2 reset
00:00:00.314423 AHCI#0: Port 3 reset
00:00:00.314485 AHCI#0: Port 4 reset
00:00:00.314548 AHCI#0: Port 5 reset
00:00:00.314611 AHCI#0: Port 6 reset
00:00:00.314673 AHCI#0: Port 7 reset
00:00:00.314736 AHCI#0: Port 8 reset
00:00:00.314799 AHCI#0: Port 9 reset
00:00:00.314863 AHCI#0: Port 10 reset
00:00:00.314925 AHCI#0: Port 11 reset
00:00:00.314988 AHCI#0: Port 12 reset
00:00:00.315051 AHCI#0: Port 13 reset
00:00:00.315113 AHCI#0: Port 14 reset
00:00:00.315176 AHCI#0: Port 15 reset
00:00:00.315239 AHCI#0: Port 16 reset
00:00:00.315301 AHCI#0: Port 17 reset
00:00:00.315364 AHCI#0: Port 18 reset
00:00:00.315427 AHCI#0: Port 19 reset
00:00:00.315490 AHCI#0: Port 20 reset
00:00:00.315552 AHCI#0: Port 21 reset
00:00:00.315615 AHCI#0: Port 22 reset
00:00:00.315678 AHCI#0: Port 23 reset
00:00:00.315741 AHCI#0: Port 24 reset
00:00:00.315804 AHCI#0: Port 25 reset
00:00:00.315866 AHCI#0: Port 26 reset
00:00:00.315984 AHCI#0: Port 27 reset
00:00:00.316059 AHCI#0: Port 28 reset
00:00:00.316126 AHCI#0: Port 29 reset
00:00:00.316891 PIT: mode=2 count=0x48d3 (18643) - 64.00 Hz (ch=0)
00:00:00.325852 PIT: mode=2 count=0x10000 (65536) - 18.20 Hz (ch=0)
00:00:00.326085 VMMDev: Guest Log: BIOS: Boot : bseqnr=1, bootseq=0233
00:00:00.326907 VMMDev: Guest Log: BIOS: Booting from CD-ROM...
00:00:00.331537 NAT: old socket rcv size: 334KB
00:00:00.331547 NAT: old socket snd size: 79KB
00:00:00.571274 VMMDev: Guest Log: BIOS: KBD: unsupported int 16h function 03
00:00:00.571515 VMMDev: Guest Log: BIOS: AX=0305 BX=0000 CX=0000 DX=0000 
00:00:01.026394 GIM: KVM: VCPU  0: Enabled system-time struct. at 0x000000003ffef000 - u32TscScale=0x804bda15 i8TscShift=0 uVersion=2 fFlags=0x1 uTsc=0x5873bd03 uVirtNanoTS=0x2c5445d7
00:00:01.026416 TM: Switching TSC mode from 'Dynamic' to 'RealTscOffset'
00:00:01.067751 GIM: KVM: Enabled wall-clock struct. at 0x0000000001c8f388 - u32Sec=1484582733 u32Nano=452279839 uVersion=2
00:00:08.358627 AHCI#0: Reset the HBA
00:00:08.368211 AHCI#0: Port 0 reset
00:00:08.719932 AHCI#0: Port 1 reset
00:00:20.520562 VMMDev: Guest Additions information report: Version 5.1.12 r112440 '5.1.12'
00:00:20.521286 VMMDev: Guest Additions information report: Interface = 0x00010004 osType = 0x00053100 (Linux >= 2.6, 64-bit)
00:00:20.523029 VMMDev: Guest Additions capability report: (0x0 -> 0x0) seamless: no, hostWindowMapping: no, graphics: no
00:00:20.523368 VMMDev: vmmDevReqHandler_HeartbeatConfigure: No change (fHeartbeatActive=false).
00:00:20.523388 VMMDev: Heartbeat flatline timer set to trigger after 4 000 000 000 ns
00:00:20.523747 VMMDev: Guest Log: vgdrvHeartbeatInit: Setting up heartbeat to trigger every 2000 milliseconds
00:00:20.523916 VMMDev: Guest Log: vboxguest: misc device minor 56, IRQ 20, I/O port d020, MMIO at 00000000f0400000 (size 0x400000)
00:00:25.518444 NAT: Link up
00:00:39.742811 VMMDev: Guest Log: VBoxService 5.1.12 r112440 (verbosity: 0) linux.amd64 (Dec 20 2016 16:42:39) release log
00:00:39.743131 VMMDev: Guest Log: 00:00:00.000086 main     Log opened 2017-01-16T16:06:09.959722000Z
00:00:39.744742 VMMDev: Guest Log: 00:00:00.002062 main     OS Product: Linux
00:00:39.745304 VMMDev: Guest Log: 00:00:00.002626 main     OS Release: 4.4.41-boot2docker
00:00:39.745328 VMMDev: Guest Log: 00:00:00.002651 main     OS Version: #1 SMP Wed Jan 11 03:05:24 UTC 2017
00:00:39.745364 VMMDev: Guest Log: 00:00:00.002684 main     Executable: /sbin/VBoxService
00:00:39.745368 VMMDev: Guest Log: 00:00:00.002685 main     Process ID: 2300
00:00:39.745371 VMMDev: Guest Log: 00:00:00.002686 main     Package type: LINUX_64BITS_GENERIC
00:00:39.749658 VMMDev: Guest Log: 00:00:00.006975 main     5.1.12 r112440 started. Verbose level = 0
00:00:39.754919 VMMDev: Guest Log: 00:00:00.012230 vminfo   rtldrNativeLoad: dlopen('libdbus-1.so.3', RTLD_NOW | RTLD_LOCAL) failed: libdbus-1.so.3: cannot open shared object file: No such file or directory
00:00:39.754976 VMMDev: Guest Log: 00:00:00.012284 vminfo   Error: Unable to connect to system D-Bus (1/3): D-Bus not installed
00:00:39.765356 VMMDev: Guest Additions capability report: (0x0 -> 0x0) seamless: no, hostWindowMapping: no, graphics: no
00:00:39.937682 NAT: IPv6 not supported
00:00:41.427728 NAT: DHCP offered IP address 10.0.2.15
00:00:41.428024 NAT: DHCP offered IP address 10.0.2.15
00:00:44.753472 VMMDev: Guest Log: 00:00:05.013264 vminfo   Error: Unable to connect to system D-Bus (2/3): D-Bus not installed
00:00:49.755780 VMMDev: Guest Log: 00:00:10.015850 vminfo   Error: Unable to connect to system D-Bus (3/3): D-Bus not installed
